<?xml version="1.0" encoding="UTF-8"?>
<!-- Generated by org.testng.reporters.JUnitXMLReporter -->
<testsuite ignored="0" hostname="Pauls-MacBook-Air.local" failures="1" tests="8" name="Command line test" time="80.045" errors="0" timestamp="2020-09-09T22:35:42 BST">
  <testcase classname="LoginTests.LoginTest" name="userSignInWithInvalidCredentials" time="2.467"/>
  <testcase classname="LoginTests.LoginTest" name="userSignInWithValidCredentials" time="2.118"/>
  <testcase classname="LeaveTests.VerifyAllCheckboxesSelectedTest" name="verifyAllCheckBoxesSelected" time="4.311"/>
  <testcase classname="LeaveTests.CancelLeaveFromMyLeavePageTest" name="cancelLeaveWithTypeVacationFromMyLeavePage" time="5.331"/>
  <testcase classname="LeaveTests.ApplyForLeaveTest" name="applyForLeave" time="16.826">
    <failure type="org.openqa.selenium.ElementNotInteractableException" message="element not interactable
  (Session info: chrome=85.0.4183.83)
Build info: version: &amp;apos;3.141.59&amp;apos;, revision: &amp;apos;e82be7d358&amp;apos;, time: &amp;apos;2018-11-14T08:17:03&amp;apos;
System info: host: &amp;apos;Pauls-MacBook-Air.local&amp;apos;, ip: &amp;apos;fe80:0:0:0:82:76bf:6aa2:7e92%en0&amp;apos;, os.name: &amp;apos;Mac OS X&amp;apos;, os.arch: &amp;apos;x86_64&amp;apos;, os.version: &amp;apos;10.14.6&amp;apos;, java.version: &amp;apos;11.0.2&amp;apos;
Driver info: org.openqa.selenium.chrome.ChromeDriver
Capabilities {acceptInsecureCerts: false, browserName: chrome, browserVersion: 85.0.4183.83, chrome: {chromedriverVersion: 85.0.4183.87 (cd6713ebf92fa..., userDataDir: /var/folders/n4/1w5frwzs6nn...}, goog:chromeOptions: {debuggerAddress: localhost:58718}, javascriptEnabled: true, networkConnectionEnabled: false, pageLoadStrategy: normal, platform: MAC, platformName: MAC, proxy: Proxy(), setWindowRect: true, strictFileInteractability: false, timeouts: {implicit: 0, pageLoad: 300000, script: 30000}, unhandledPromptBehavior: dismiss and notify, webauthn:virtualAuthenticators: true}
Session ID: 8b96857cf471d1768f69849674192150">
      <![CDATA[org.openqa.selenium.ElementNotInteractableException: element not interactable
  (Session info: chrome=85.0.4183.83)
Build info: version: '3.141.59', revision: 'e82be7d358', time: '2018-11-14T08:17:03'
System info: host: 'Pauls-MacBook-Air.local', ip: 'fe80:0:0:0:82:76bf:6aa2:7e92%en0', os.name: 'Mac OS X', os.arch: 'x86_64', os.version: '10.14.6', java.version: '11.0.2'
Driver info: org.openqa.selenium.chrome.ChromeDriver
Capabilities {acceptInsecureCerts: false, browserName: chrome, browserVersion: 85.0.4183.83, chrome: {chromedriverVersion: 85.0.4183.87 (cd6713ebf92fa..., userDataDir: /var/folders/n4/1w5frwzs6nn...}, goog:chromeOptions: {debuggerAddress: localhost:58718}, javascriptEnabled: true, networkConnectionEnabled: false, pageLoadStrategy: normal, platform: MAC, platformName: MAC, proxy: Proxy(), setWindowRect: true, strictFileInteractability: false, timeouts: {implicit: 0, pageLoad: 300000, script: 30000}, unhandledPromptBehavior: dismiss and notify, webauthn:virtualAuthenticators: true}
Session ID: 8b96857cf471d1768f69849674192150
at org.openqa.selenium.remote.http.W3CHttpResponseCodec.createException(W3CHttpResponseCodec.java:187)
at org.openqa.selenium.remote.http.W3CHttpResponseCodec.decode(W3CHttpResponseCodec.java:122)
at org.openqa.selenium.remote.http.W3CHttpResponseCodec.decode(W3CHttpResponseCodec.java:49)
at org.openqa.selenium.remote.HttpCommandExecutor.execute(HttpCommandExecutor.java:158)
at org.openqa.selenium.remote.service.DriverCommandExecutor.execute(DriverCommandExecutor.java:83)
at org.openqa.selenium.remote.RemoteWebDriver.execute(RemoteWebDriver.java:552)
at org.openqa.selenium.remote.RemoteWebElement.execute(RemoteWebElement.java:285)
at org.openqa.selenium.remote.RemoteWebElement.click(RemoteWebElement.java:84)
at PageObject.ApplyPageObject.selectDate(ApplyPageObject.java:35)
at LeaveTests.ApplyForLeaveTest.applyForLeave(ApplyForLeaveTest.java:28)
at java.base/java.util.ArrayList.forEach(ArrayList.java:1540)
... Removed 41 stack frames]]>
    </failure>
  </testcase> <!-- applyForLeave -->
  <testcase classname="UserManagementTests.DeleteUserTest" name="deleteUser" time="9.269"/>
  <testcase classname="UserManagementTests.AddUserTest" name="addNewUser" time="5.271"/>
  <testcase classname="UserManagementTests.AddUserTest" name="verifyNewUserAdded" time="4.404"/>
</testsuite> <!-- Command line test -->
